

Microchip MPLAB XC8 Assembler V2.32 build 20210201212658 
                                                                                               Tue Oct 12 17:14:21 2021

Microchip MPLAB XC8 C Compiler v2.32 (Free license) build 20210201212658 Og1 
     1                           	processor	16F887
     2                           	pagewidth 120
     3                           	opt	flic
     4                           	psect	cinit,global,class=CODE,merge=1,delta=2
     5                           	psect	bssCOMMON,global,class=COMMON,space=1,delta=1,noexec
     6                           	psect	cstackCOMMON,global,class=COMMON,space=1,delta=1,noexec
     7                           	psect	maintext,global,class=CODE,split=1,delta=2
     8                           	psect	text1,local,class=CODE,merge=1,delta=2
     9                           	psect	text2,local,class=CODE,merge=1,delta=2
    10                           	psect	text3,local,class=CODE,merge=1,delta=2
    11                           	psect	text4,local,class=CODE,merge=1,delta=2
    12                           	psect	text5,local,class=CODE,merge=1,delta=2
    13                           	psect	text6,local,class=CODE,merge=1,delta=2
    14                           	psect	text7,local,class=CODE,merge=1,delta=2
    15                           	psect	text8,local,class=CODE,merge=1,delta=2
    16                           	psect	intentry,global,class=CODE,delta=2
    17                           	psect	config,global,abs,ovrld,class=CONFIG,space=4,delta=2,noexec
    18                           	dabs	1,0x7E,2
    19  0000                     
    20                           ; Version 2.20
    21                           ; Generated 12/02/2020 GMT
    22                           ; 
    23                           ; Copyright © 2020, Microchip Technology Inc. and its subsidiaries ("Microchip")
    24                           ; All rights reserved.
    25                           ; 
    26                           ; This software is developed by Microchip Technology Inc. and its subsidiaries ("Microch
      +                          ip").
    27                           ; 
    28                           ; Redistribution and use in source and binary forms, with or without modification, are
    29                           ; permitted provided that the following conditions are met:
    30                           ; 
    31                           ;     1. Redistributions of source code must retain the above copyright notice, this lis
      +                          t of
    32                           ;        conditions and the following disclaimer.
    33                           ; 
    34                           ;     2. Redistributions in binary form must reproduce the above copyright notice, this 
      +                          list
    35                           ;        of conditions and the following disclaimer in the documentation and/or other
    36                           ;        materials provided with the distribution.
    37                           ; 
    38                           ;     3. Microchip's name may not be used to endorse or promote products derived from th
      +                          is
    39                           ;        software without specific prior written permission.
    40                           ; 
    41                           ; THIS SOFTWARE IS PROVIDED BY MICROCHIP "AS IS" AND ANY EXPRESS OR IMPLIED WARRANTIES,
    42                           ; INCLUDING, BUT NOT LIMITED TO, THE IMPLIED WARRANTIES OF MERCHANTABILITY AND FITNESS F
      +                          OR
    43                           ; PURPOSE ARE DISCLAIMED.  IN NO EVENT SHALL MICROCHIP BE LIABLE FOR ANY DIRECT, INDIREC
      +                          T,
    44                           ; INCIDENTAL, SPECIAL, EXEMPLARY, OR CONSEQUENTIAL DAMAGES (INCLUDING BUT NOT LIMITED TO
    45                           ; PROCUREMENT OF SUBSTITUTE GOODS OR SERVICES; LOSS OF USE, DATA OR PROFITS; OR BUSINESS
    46                           ; INTERRUPTION) HOWSOEVER CAUSED AND ON ANY THEORY OF LIABILITY, WHETHER IN CONTRACT, ST
      +                          RICT
    47                           ; LIABILITY, OR TORT (INCLUDING NEGLIGENCE OR OTHERWISE) ARISING IN ANY WAY OUT OF THE U
      +                          SE OF
    48                           ; THIS SOFTWARE, EVEN IF ADVISED OF THE POSSIBILITY OF SUCH DAMAGE.
    49                           ; 
    50                           ; 
    51                           ; Code-generator required, PIC16F887 Definitions
    52                           ; 
    53                           ; SFR Addresses
    54  0000                     	;# 
    55  0001                     	;# 
    56  0002                     	;# 
    57  0003                     	;# 
    58  0004                     	;# 
    59  0005                     	;# 
    60  0006                     	;# 
    61  0007                     	;# 
    62  0008                     	;# 
    63  0009                     	;# 
    64  000A                     	;# 
    65  000B                     	;# 
    66  000C                     	;# 
    67  000D                     	;# 
    68  000E                     	;# 
    69  000E                     	;# 
    70  000F                     	;# 
    71  0010                     	;# 
    72  0011                     	;# 
    73  0012                     	;# 
    74  0013                     	;# 
    75  0014                     	;# 
    76  0015                     	;# 
    77  0015                     	;# 
    78  0016                     	;# 
    79  0017                     	;# 
    80  0018                     	;# 
    81  0019                     	;# 
    82  001A                     	;# 
    83  001B                     	;# 
    84  001B                     	;# 
    85  001C                     	;# 
    86  001D                     	;# 
    87  001E                     	;# 
    88  001F                     	;# 
    89  0081                     	;# 
    90  0085                     	;# 
    91  0086                     	;# 
    92  0087                     	;# 
    93  0088                     	;# 
    94  0089                     	;# 
    95  008C                     	;# 
    96  008D                     	;# 
    97  008E                     	;# 
    98  008F                     	;# 
    99  0090                     	;# 
   100  0091                     	;# 
   101  0092                     	;# 
   102  0093                     	;# 
   103  0093                     	;# 
   104  0093                     	;# 
   105  0094                     	;# 
   106  0095                     	;# 
   107  0096                     	;# 
   108  0097                     	;# 
   109  0098                     	;# 
   110  0099                     	;# 
   111  009A                     	;# 
   112  009B                     	;# 
   113  009C                     	;# 
   114  009D                     	;# 
   115  009E                     	;# 
   116  009F                     	;# 
   117  0105                     	;# 
   118  0107                     	;# 
   119  0108                     	;# 
   120  0109                     	;# 
   121  010C                     	;# 
   122  010C                     	;# 
   123  010D                     	;# 
   124  010E                     	;# 
   125  010F                     	;# 
   126  0185                     	;# 
   127  0187                     	;# 
   128  0188                     	;# 
   129  0189                     	;# 
   130  018C                     	;# 
   131  018D                     	;# 
   132  0000                     	;# 
   133  0001                     	;# 
   134  0002                     	;# 
   135  0003                     	;# 
   136  0004                     	;# 
   137  0005                     	;# 
   138  0006                     	;# 
   139  0007                     	;# 
   140  0008                     	;# 
   141  0009                     	;# 
   142  000A                     	;# 
   143  000B                     	;# 
   144  000C                     	;# 
   145  000D                     	;# 
   146  000E                     	;# 
   147  000E                     	;# 
   148  000F                     	;# 
   149  0010                     	;# 
   150  0011                     	;# 
   151  0012                     	;# 
   152  0013                     	;# 
   153  0014                     	;# 
   154  0015                     	;# 
   155  0015                     	;# 
   156  0016                     	;# 
   157  0017                     	;# 
   158  0018                     	;# 
   159  0019                     	;# 
   160  001A                     	;# 
   161  001B                     	;# 
   162  001B                     	;# 
   163  001C                     	;# 
   164  001D                     	;# 
   165  001E                     	;# 
   166  001F                     	;# 
   167  0081                     	;# 
   168  0085                     	;# 
   169  0086                     	;# 
   170  0087                     	;# 
   171  0088                     	;# 
   172  0089                     	;# 
   173  008C                     	;# 
   174  008D                     	;# 
   175  008E                     	;# 
   176  008F                     	;# 
   177  0090                     	;# 
   178  0091                     	;# 
   179  0092                     	;# 
   180  0093                     	;# 
   181  0093                     	;# 
   182  0093                     	;# 
   183  0094                     	;# 
   184  0095                     	;# 
   185  0096                     	;# 
   186  0097                     	;# 
   187  0098                     	;# 
   188  0099                     	;# 
   189  009A                     	;# 
   190  009B                     	;# 
   191  009C                     	;# 
   192  009D                     	;# 
   193  009E                     	;# 
   194  009F                     	;# 
   195  0105                     	;# 
   196  0107                     	;# 
   197  0108                     	;# 
   198  0109                     	;# 
   199  010C                     	;# 
   200  010C                     	;# 
   201  010D                     	;# 
   202  010E                     	;# 
   203  010F                     	;# 
   204  0185                     	;# 
   205  0187                     	;# 
   206  0188                     	;# 
   207  0189                     	;# 
   208  018C                     	;# 
   209  018D                     	;# 
   210  001D                     _CCP2CONbits	set	29
   211  0012                     _T2CONbits	set	18
   212  0008                     _PORTD	set	8
   213  0001                     _TMR0	set	1
   214  0008                     _PORTDbits	set	8
   215  000B                     _INTCONbits	set	11
   216  001B                     _CCPR2L	set	27
   217  0017                     _CCP1CONbits	set	23
   218  001E                     _ADRESH	set	30
   219  0015                     _CCPR1L	set	21
   220  001F                     _ADCON0bits	set	31
   221  000C                     _PIR1bits	set	12
   222  008C                     _PIE1bits	set	140
   223  0092                     _PR2	set	146
   224  0087                     _TRISCbits	set	135
   225  009F                     _ADCON1bits	set	159
   226  0081                     _OPTION_REGbits	set	129
   227  008F                     _OSCCONbits	set	143
   228  0088                     _TRISD	set	136
   229  0189                     _ANSELH	set	393
   230  0188                     _ANSEL	set	392
   231                           
   232                           	psect	cinit
   233  000F                     start_initialization:	
   234                           ; #config settings
   235                           
   236  000F                     __initialization:
   237                           
   238                           ; Clear objects allocated to COMMON
   239  000F  01F6               	clrf	__pbssCOMMON& (0+127)
   240  0010  01F7               	clrf	(__pbssCOMMON+1)& (0+127)
   241  0011                     end_of_initialization:	
   242                           ;End of C runtime variable initialization code
   243                           
   244  0011                     __end_of__initialization:
   245  0011  0183               	clrf	3
   246  0012  120A  118A  2891   	ljmp	_main	;jump to C main() function
   247                           
   248                           	psect	bssCOMMON
   249  0076                     __pbssCOMMON:
   250  0076                     _adresh_aux:
   251  0076                     	ds	1
   252  0077                     _cont:
   253  0077                     	ds	1
   254                           
   255                           	psect	cstackCOMMON
   256  0070                     __pcstackCOMMON:
   257  0070                     ?_config_io:
   258  0070                     ?_config_reloj:	
   259                           ; 1 bytes @ 0x0
   260                           
   261  0070                     ?_config_adc:	
   262                           ; 1 bytes @ 0x0
   263                           
   264  0070                     ?_config_pwm1:	
   265                           ; 1 bytes @ 0x0
   266                           
   267  0070                     ?_config_pwm2:	
   268                           ; 1 bytes @ 0x0
   269                           
   270  0070                     ?_config_int:	
   271                           ; 1 bytes @ 0x0
   272                           
   273  0070                     ?_config_tmr0:	
   274                           ; 1 bytes @ 0x0
   275                           
   276  0070                     ?_isr:	
   277                           ; 1 bytes @ 0x0
   278                           
   279  0070                     ??_isr:	
   280                           ; 1 bytes @ 0x0
   281                           
   282  0070                     ?_main:	
   283                           ; 1 bytes @ 0x0
   284                           
   285                           
   286                           ; 1 bytes @ 0x0
   287  0070                     	ds	4
   288  0074                     ??_config_io:
   289  0074                     ??_config_reloj:	
   290                           ; 1 bytes @ 0x4
   291                           
   292  0074                     ??_config_adc:	
   293                           ; 1 bytes @ 0x4
   294                           
   295  0074                     ??_config_pwm1:	
   296                           ; 1 bytes @ 0x4
   297                           
   298  0074                     ??_config_pwm2:	
   299                           ; 1 bytes @ 0x4
   300                           
   301  0074                     ??_config_int:	
   302                           ; 1 bytes @ 0x4
   303                           
   304  0074                     ??_config_tmr0:	
   305                           ; 1 bytes @ 0x4
   306                           
   307                           
   308                           ; 1 bytes @ 0x4
   309  0074                     	ds	1
   310  0075                     ??_main:
   311                           
   312                           ; 1 bytes @ 0x5
   313  0075                     	ds	1
   314                           
   315                           	psect	maintext
   316  0091                     __pmaintext:	
   317 ;;
   318 ;;Main: autosize = 0, tempsize = 1, incstack = 0, save=0
   319 ;;
   320 ;; *************** function _main *****************
   321 ;; Defined at:
   322 ;;		line 101 in file "Postlab9.c"
   323 ;; Parameters:    Size  Location     Type
   324 ;;		None
   325 ;; Auto vars:     Size  Location     Type
   326 ;;		None
   327 ;; Return value:  Size  Location     Type
   328 ;;                  1    wreg      void 
   329 ;; Registers used:
   330 ;;		wreg, status,2, status,0, pclath, cstack
   331 ;; Tracked objects:
   332 ;;		On entry : B00/0
   333 ;;		On exit  : 0/0
   334 ;;		Unchanged: 0/0
   335 ;; Data sizes:     COMMON   BANK0   BANK1   BANK3   BANK2
   336 ;;      Params:         0       0       0       0       0
   337 ;;      Locals:         0       0       0       0       0
   338 ;;      Temps:          1       0       0       0       0
   339 ;;      Totals:         1       0       0       0       0
   340 ;;Total ram usage:        1 bytes
   341 ;; Hardware stack levels required when called: 2
   342 ;; This function calls:
   343 ;;		_config_adc
   344 ;;		_config_int
   345 ;;		_config_io
   346 ;;		_config_pwm1
   347 ;;		_config_pwm2
   348 ;;		_config_reloj
   349 ;;		_config_tmr0
   350 ;; This function is called by:
   351 ;;		Startup code after reset
   352 ;; This function uses a non-reentrant model
   353 ;;
   354                           
   355                           
   356                           ;psect for function _main
   357  0091                     _main:
   358  0091                     l787:	
   359                           ;incstack = 0
   360                           ; Regs used in _main: [wreg+status,2+status,0+pclath+cstack]
   361                           
   362                           
   363                           ;Postlab9.c: 103:     config_io();
   364  0091  120A  118A  2137  120A  118A  	fcall	_config_io
   365  0096                     l789:
   366                           
   367                           ;Postlab9.c: 104:     config_reloj();
   368  0096  120A  118A  214E  120A  118A  	fcall	_config_reloj
   369  009B                     l791:
   370                           
   371                           ;Postlab9.c: 105:     config_adc();
   372  009B  120A  118A  2104  120A  118A  	fcall	_config_adc
   373  00A0                     l793:
   374                           
   375                           ;Postlab9.c: 106:     config_pwm1();
   376  00A0  120A  118A  20E6  120A  118A  	fcall	_config_pwm1
   377  00A5                     l795:
   378                           
   379                           ;Postlab9.c: 107:     config_pwm2();
   380  00A5  120A  118A  2119  120A  118A  	fcall	_config_pwm2
   381                           
   382                           ;Postlab9.c: 108:     config_int();
   383  00AA  120A  118A  2143  120A  118A  	fcall	_config_int
   384  00AF                     l797:
   385                           
   386                           ;Postlab9.c: 109:     config_tmr0();
   387  00AF  120A  118A  212A  120A  118A  	fcall	_config_tmr0
   388  00B4                     l799:
   389                           
   390                           ;Postlab9.c: 112:     ADCON0bits.GO = 1;
   391  00B4  1283               	bcf	3,5	;RP0=0, select bank0
   392  00B5  1303               	bcf	3,6	;RP1=0, select bank0
   393  00B6  149F               	bsf	31,1	;volatile
   394  00B7                     l801:
   395                           
   396                           ;Postlab9.c: 114:     {;Postlab9.c: 115:         if(ADCON0bits.GO == 0)
   397  00B7  189F               	btfsc	31,1	;volatile
   398  00B8  28BA               	goto	u91
   399  00B9  28BB               	goto	u90
   400  00BA                     u91:
   401  00BA  28B7               	goto	l801
   402  00BB                     u90:
   403  00BB                     l803:
   404                           
   405                           ;Postlab9.c: 116:         {;Postlab9.c: 117:             if(ADCON0bits.CHS == 5)
   406  00BB  0C1F               	rrf	31,w	;volatile
   407  00BC  00F5               	movwf	??_main
   408  00BD  0C75               	rrf	??_main,w
   409  00BE  390F               	andlw	15
   410  00BF  3A05               	xorlw	5
   411  00C0  1D03               	skipz
   412  00C1  28C3               	goto	u101
   413  00C2  28C4               	goto	u100
   414  00C3                     u101:
   415  00C3  28C9               	goto	l807
   416  00C4                     u100:
   417  00C4                     l805:
   418                           
   419                           ;Postlab9.c: 118:                 ADCON0bits.CHS = 6;
   420  00C4  081F               	movf	31,w	;volatile
   421  00C5  39C3               	andlw	-61
   422  00C6  3818               	iorlw	24
   423  00C7  009F               	movwf	31	;volatile
   424  00C8  28DB               	goto	l813
   425  00C9                     l807:
   426  00C9  0C1F               	rrf	31,w	;volatile
   427  00CA  00F5               	movwf	??_main
   428  00CB  0C75               	rrf	??_main,w
   429  00CC  390F               	andlw	15
   430  00CD  3A06               	xorlw	6
   431  00CE  1D03               	skipz
   432  00CF  28D1               	goto	u111
   433  00D0  28D2               	goto	u110
   434  00D1                     u111:
   435  00D1  28D7               	goto	l811
   436  00D2                     u110:
   437  00D2                     l809:
   438                           
   439                           ;Postlab9.c: 120:                 ADCON0bits.CHS = 7;
   440  00D2  081F               	movf	31,w	;volatile
   441  00D3  39C3               	andlw	-61
   442  00D4  381C               	iorlw	28
   443  00D5  009F               	movwf	31	;volatile
   444  00D6  28DB               	goto	l813
   445  00D7                     l811:
   446                           
   447                           ;Postlab9.c: 122:                 ADCON0bits.CHS = 5;
   448  00D7  081F               	movf	31,w	;volatile
   449  00D8  39C3               	andlw	-61
   450  00D9  3814               	iorlw	20
   451  00DA  009F               	movwf	31	;volatile
   452  00DB                     l813:
   453                           
   454                           ;Postlab9.c: 124:             _delay((unsigned long)((50)*(8000000/4000000.0)));
   455  00DB  3021               	movlw	33
   456  00DC  00F5               	movwf	??_main
   457  00DD                     u127:
   458  00DD  0BF5               	decfsz	??_main,f
   459  00DE  28DD               	goto	u127
   460  00DF                     l815:
   461                           
   462                           ;Postlab9.c: 125:             ADCON0bits.GO = 1;
   463  00DF  1283               	bcf	3,5	;RP0=0, select bank0
   464  00E0  1303               	bcf	3,6	;RP1=0, select bank0
   465  00E1  149F               	bsf	31,1	;volatile
   466  00E2  28B7               	goto	l801
   467  00E3  120A  118A  280C   	ljmp	start
   468  00E6                     __end_of_main:
   469                           
   470                           	psect	text1
   471  012A                     __ptext1:	
   472 ;; *************** function _config_tmr0 *****************
   473 ;; Defined at:
   474 ;;		line 153 in file "Postlab9.c"
   475 ;; Parameters:    Size  Location     Type
   476 ;;		None
   477 ;; Auto vars:     Size  Location     Type
   478 ;;		None
   479 ;; Return value:  Size  Location     Type
   480 ;;                  1    wreg      void 
   481 ;; Registers used:
   482 ;;		wreg
   483 ;; Tracked objects:
   484 ;;		On entry : 0/0
   485 ;;		On exit  : 0/0
   486 ;;		Unchanged: 0/0
   487 ;; Data sizes:     COMMON   BANK0   BANK1   BANK3   BANK2
   488 ;;      Params:         0       0       0       0       0
   489 ;;      Locals:         0       0       0       0       0
   490 ;;      Temps:          0       0       0       0       0
   491 ;;      Totals:         0       0       0       0       0
   492 ;;Total ram usage:        0 bytes
   493 ;; Hardware stack levels used: 1
   494 ;; Hardware stack levels required when called: 1
   495 ;; This function calls:
   496 ;;		Nothing
   497 ;; This function is called by:
   498 ;;		_main
   499 ;; This function uses a non-reentrant model
   500 ;;
   501                           
   502                           
   503                           ;psect for function _config_tmr0
   504  012A                     _config_tmr0:
   505  012A                     l757:	
   506                           ;incstack = 0
   507                           ; Regs used in _config_tmr0: [wreg]
   508                           
   509                           
   510                           ;Postlab9.c: 155:     OPTION_REGbits.T0CS = 0;
   511  012A  1683               	bsf	3,5	;RP0=1, select bank1
   512  012B  1303               	bcf	3,6	;RP1=0, select bank1
   513  012C  1281               	bcf	1,5	;volatile
   514                           
   515                           ;Postlab9.c: 156:     OPTION_REGbits.T0SE = 0;
   516  012D  1201               	bcf	1,4	;volatile
   517                           
   518                           ;Postlab9.c: 157:     OPTION_REGbits.PSA = 0;
   519  012E  1181               	bcf	1,3	;volatile
   520                           
   521                           ;Postlab9.c: 158:     OPTION_REGbits.PS2 = 0;
   522  012F  1101               	bcf	1,2	;volatile
   523                           
   524                           ;Postlab9.c: 159:     OPTION_REGbits.PS1 = 0;
   525  0130  1081               	bcf	1,1	;volatile
   526                           
   527                           ;Postlab9.c: 160:     OPTION_REGbits.PS0 = 0;
   528  0131  1001               	bcf	1,0	;volatile
   529  0132                     l759:
   530                           
   531                           ;Postlab9.c: 161:     TMR0 = 225;
   532  0132  30E1               	movlw	225
   533  0133  1283               	bcf	3,5	;RP0=0, select bank0
   534  0134  1303               	bcf	3,6	;RP1=0, select bank0
   535  0135  0081               	movwf	1	;volatile
   536  0136                     l98:
   537  0136  0008               	return
   538  0137                     __end_of_config_tmr0:
   539                           
   540                           	psect	text2
   541  014E                     __ptext2:	
   542 ;; *************** function _config_reloj *****************
   543 ;; Defined at:
   544 ;;		line 144 in file "Postlab9.c"
   545 ;; Parameters:    Size  Location     Type
   546 ;;		None
   547 ;; Auto vars:     Size  Location     Type
   548 ;;		None
   549 ;; Return value:  Size  Location     Type
   550 ;;                  1    wreg      void 
   551 ;; Registers used:
   552 ;;		None
   553 ;; Tracked objects:
   554 ;;		On entry : 0/0
   555 ;;		On exit  : 0/0
   556 ;;		Unchanged: 0/0
   557 ;; Data sizes:     COMMON   BANK0   BANK1   BANK3   BANK2
   558 ;;      Params:         0       0       0       0       0
   559 ;;      Locals:         0       0       0       0       0
   560 ;;      Temps:          0       0       0       0       0
   561 ;;      Totals:         0       0       0       0       0
   562 ;;Total ram usage:        0 bytes
   563 ;; Hardware stack levels used: 1
   564 ;; Hardware stack levels required when called: 1
   565 ;; This function calls:
   566 ;;		Nothing
   567 ;; This function is called by:
   568 ;;		_main
   569 ;; This function uses a non-reentrant model
   570 ;;
   571                           
   572                           
   573                           ;psect for function _config_reloj
   574  014E                     _config_reloj:
   575  014E                     l715:	
   576                           ;incstack = 0
   577                           ; Regs used in _config_reloj: []
   578                           
   579                           
   580                           ;Postlab9.c: 146:     OSCCONbits.IRCF2 = 1;
   581  014E  1683               	bsf	3,5	;RP0=1, select bank1
   582  014F  1303               	bcf	3,6	;RP1=0, select bank1
   583  0150  170F               	bsf	15,6	;volatile
   584                           
   585                           ;Postlab9.c: 147:     OSCCONbits.IRCF1 = 1;
   586  0151  168F               	bsf	15,5	;volatile
   587                           
   588                           ;Postlab9.c: 148:     OSCCONbits.IRCF0 = 1;
   589  0152  160F               	bsf	15,4	;volatile
   590                           
   591                           ;Postlab9.c: 149:     OSCCONbits.SCS = 1;
   592  0153  140F               	bsf	15,0	;volatile
   593  0154                     l95:	
   594                           ;Postlab9.c: 150:     return;
   595                           
   596  0154  0008               	return
   597  0155                     __end_of_config_reloj:
   598                           
   599                           	psect	text3
   600  0119                     __ptext3:	
   601 ;; *************** function _config_pwm2 *****************
   602 ;; Defined at:
   603 ;;		line 198 in file "Postlab9.c"
   604 ;; Parameters:    Size  Location     Type
   605 ;;		None
   606 ;; Auto vars:     Size  Location     Type
   607 ;;		None
   608 ;; Return value:  Size  Location     Type
   609 ;;                  1    wreg      void 
   610 ;; Registers used:
   611 ;;		wreg, status,2, status,0
   612 ;; Tracked objects:
   613 ;;		On entry : 0/0
   614 ;;		On exit  : 0/0
   615 ;;		Unchanged: 0/0
   616 ;; Data sizes:     COMMON   BANK0   BANK1   BANK3   BANK2
   617 ;;      Params:         0       0       0       0       0
   618 ;;      Locals:         0       0       0       0       0
   619 ;;      Temps:          0       0       0       0       0
   620 ;;      Totals:         0       0       0       0       0
   621 ;;Total ram usage:        0 bytes
   622 ;; Hardware stack levels used: 1
   623 ;; Hardware stack levels required when called: 1
   624 ;; This function calls:
   625 ;;		Nothing
   626 ;; This function is called by:
   627 ;;		_main
   628 ;; This function uses a non-reentrant model
   629 ;;
   630                           
   631                           
   632                           ;psect for function _config_pwm2
   633  0119                     _config_pwm2:
   634  0119                     l743:	
   635                           ;incstack = 0
   636                           ; Regs used in _config_pwm2: [wreg+status,2+status,0]
   637                           
   638                           
   639                           ;Postlab9.c: 200:     TRISCbits.TRISC1 = 1;
   640  0119  1683               	bsf	3,5	;RP0=1, select bank1
   641  011A  1303               	bcf	3,6	;RP1=0, select bank1
   642  011B  1487               	bsf	7,1	;volatile
   643  011C                     l745:
   644                           
   645                           ;Postlab9.c: 201:     CCP2CONbits.CCP2M = 0b1100;
   646  011C  1283               	bcf	3,5	;RP0=0, select bank0
   647  011D  1303               	bcf	3,6	;RP1=0, select bank0
   648  011E  081D               	movf	29,w	;volatile
   649  011F  39F0               	andlw	-16
   650  0120  380C               	iorlw	12
   651  0121  009D               	movwf	29	;volatile
   652  0122                     l747:
   653                           
   654                           ;Postlab9.c: 203:     CCPR2L = 0b1111;
   655  0122  300F               	movlw	15
   656  0123  009B               	movwf	27	;volatile
   657  0124                     l749:
   658                           
   659                           ;Postlab9.c: 204:     CCP2CONbits.DC2B0 = 0;
   660  0124  121D               	bcf	29,4	;volatile
   661  0125                     l751:
   662                           
   663                           ;Postlab9.c: 205:     CCP2CONbits.DC2B1 = 0;
   664  0125  129D               	bcf	29,5	;volatile
   665  0126                     l753:
   666                           
   667                           ;Postlab9.c: 207:     TRISCbits.TRISC1 = 0;
   668  0126  1683               	bsf	3,5	;RP0=1, select bank1
   669  0127  1303               	bcf	3,6	;RP1=0, select bank1
   670  0128  1087               	bcf	7,1	;volatile
   671  0129                     l110:
   672  0129  0008               	return
   673  012A                     __end_of_config_pwm2:
   674                           
   675                           	psect	text4
   676  00E6                     __ptext4:	
   677 ;; *************** function _config_pwm1 *****************
   678 ;; Defined at:
   679 ;;		line 178 in file "Postlab9.c"
   680 ;; Parameters:    Size  Location     Type
   681 ;;		None
   682 ;; Auto vars:     Size  Location     Type
   683 ;;		None
   684 ;; Return value:  Size  Location     Type
   685 ;;                  1    wreg      void 
   686 ;; Registers used:
   687 ;;		wreg, status,2, status,0
   688 ;; Tracked objects:
   689 ;;		On entry : 0/0
   690 ;;		On exit  : 0/0
   691 ;;		Unchanged: 0/0
   692 ;; Data sizes:     COMMON   BANK0   BANK1   BANK3   BANK2
   693 ;;      Params:         0       0       0       0       0
   694 ;;      Locals:         0       0       0       0       0
   695 ;;      Temps:          0       0       0       0       0
   696 ;;      Totals:         0       0       0       0       0
   697 ;;Total ram usage:        0 bytes
   698 ;; Hardware stack levels used: 1
   699 ;; Hardware stack levels required when called: 1
   700 ;; This function calls:
   701 ;;		Nothing
   702 ;; This function is called by:
   703 ;;		_main
   704 ;; This function uses a non-reentrant model
   705 ;;
   706                           
   707                           
   708                           ;psect for function _config_pwm1
   709  00E6                     _config_pwm1:
   710  00E6                     l727:	
   711                           ;incstack = 0
   712                           ; Regs used in _config_pwm1: [wreg+status,2+status,0]
   713                           
   714                           
   715                           ;Postlab9.c: 180:     TRISCbits.TRISC2 = 1;
   716  00E6  1683               	bsf	3,5	;RP0=1, select bank1
   717  00E7  1303               	bcf	3,6	;RP1=0, select bank1
   718  00E8  1507               	bsf	7,2	;volatile
   719  00E9                     l729:
   720                           
   721                           ;Postlab9.c: 181:     PR2 = 250;
   722  00E9  30FA               	movlw	250
   723  00EA  0092               	movwf	18	;volatile
   724  00EB                     l731:
   725                           
   726                           ;Postlab9.c: 182:     CCP1CONbits.P1M = 0;
   727  00EB  303F               	movlw	-193
   728  00EC  1283               	bcf	3,5	;RP0=0, select bank0
   729  00ED  1303               	bcf	3,6	;RP1=0, select bank0
   730  00EE  0597               	andwf	23,f	;volatile
   731  00EF                     l733:
   732                           
   733                           ;Postlab9.c: 183:     CCP1CONbits.CCP1M = 0b1100;
   734  00EF  0817               	movf	23,w	;volatile
   735  00F0  39F0               	andlw	-16
   736  00F1  380C               	iorlw	12
   737  00F2  0097               	movwf	23	;volatile
   738                           
   739                           ;Postlab9.c: 185:     CCPR1L = 0b1111;
   740  00F3  300F               	movlw	15
   741  00F4  0095               	movwf	21	;volatile
   742  00F5                     l735:
   743                           
   744                           ;Postlab9.c: 186:     CCP1CONbits.DC1B = 0;
   745  00F5  30CF               	movlw	-49
   746  00F6  0597               	andwf	23,f	;volatile
   747  00F7                     l737:
   748                           
   749                           ;Postlab9.c: 188:     PIR1bits.TMR2IF = 0;
   750  00F7  108C               	bcf	12,1	;volatile
   751  00F8                     l739:
   752                           
   753                           ;Postlab9.c: 189:     T2CONbits.T2CKPS = 0b11;
   754  00F8  3003               	movlw	3
   755  00F9  0492               	iorwf	18,f	;volatile
   756  00FA                     l741:
   757                           
   758                           ;Postlab9.c: 190:     T2CONbits.TMR2ON = 1;
   759  00FA  1512               	bsf	18,2	;volatile
   760  00FB                     l104:	
   761                           ;Postlab9.c: 192:     while(PIR1bits.TMR2IF == 0);
   762                           
   763  00FB  1C8C               	btfss	12,1	;volatile
   764  00FC  28FE               	goto	u11
   765  00FD  28FF               	goto	u10
   766  00FE                     u11:
   767  00FE  28FB               	goto	l104
   768  00FF                     u10:
   769  00FF                     l106:
   770                           
   771                           ;Postlab9.c: 193:     PIR1bits.TMR2IF = 0;
   772  00FF  108C               	bcf	12,1	;volatile
   773                           
   774                           ;Postlab9.c: 195:     TRISCbits.TRISC2 = 0;
   775  0100  1683               	bsf	3,5	;RP0=1, select bank1
   776  0101  1303               	bcf	3,6	;RP1=0, select bank1
   777  0102  1107               	bcf	7,2	;volatile
   778  0103                     l107:
   779  0103  0008               	return
   780  0104                     __end_of_config_pwm1:
   781                           
   782                           	psect	text5
   783  0137                     __ptext5:	
   784 ;; *************** function _config_io *****************
   785 ;; Defined at:
   786 ;;		line 134 in file "Postlab9.c"
   787 ;; Parameters:    Size  Location     Type
   788 ;;		None
   789 ;; Auto vars:     Size  Location     Type
   790 ;;		None
   791 ;; Return value:  Size  Location     Type
   792 ;;                  1    wreg      void 
   793 ;; Registers used:
   794 ;;		wreg, status,2
   795 ;; Tracked objects:
   796 ;;		On entry : 0/0
   797 ;;		On exit  : 0/0
   798 ;;		Unchanged: 0/0
   799 ;; Data sizes:     COMMON   BANK0   BANK1   BANK3   BANK2
   800 ;;      Params:         0       0       0       0       0
   801 ;;      Locals:         0       0       0       0       0
   802 ;;      Temps:          0       0       0       0       0
   803 ;;      Totals:         0       0       0       0       0
   804 ;;Total ram usage:        0 bytes
   805 ;; Hardware stack levels used: 1
   806 ;; Hardware stack levels required when called: 1
   807 ;; This function calls:
   808 ;;		Nothing
   809 ;; This function is called by:
   810 ;;		_main
   811 ;; This function uses a non-reentrant model
   812 ;;
   813                           
   814                           
   815                           ;psect for function _config_io
   816  0137                     _config_io:
   817  0137                     l705:	
   818                           ;incstack = 0
   819                           ; Regs used in _config_io: [wreg+status,2]
   820                           
   821                           
   822                           ;Postlab9.c: 136:     ANSEL = 0b11100000;
   823  0137  30E0               	movlw	224
   824  0138  1683               	bsf	3,5	;RP0=1, select bank3
   825  0139  1703               	bsf	3,6	;RP1=1, select bank3
   826  013A  0088               	movwf	8	;volatile
   827  013B                     l707:
   828                           
   829                           ;Postlab9.c: 137:     ANSELH = 0;
   830  013B  0189               	clrf	9	;volatile
   831  013C                     l709:
   832                           
   833                           ;Postlab9.c: 139:     TRISD = 0;
   834  013C  1683               	bsf	3,5	;RP0=1, select bank1
   835  013D  1303               	bcf	3,6	;RP1=0, select bank1
   836  013E  0188               	clrf	8	;volatile
   837  013F                     l711:
   838                           
   839                           ;Postlab9.c: 140:     PORTD = 0;
   840  013F  1283               	bcf	3,5	;RP0=0, select bank0
   841  0140  1303               	bcf	3,6	;RP1=0, select bank0
   842  0141  0188               	clrf	8	;volatile
   843  0142                     l92:
   844  0142  0008               	return
   845  0143                     __end_of_config_io:
   846                           
   847                           	psect	text6
   848  0143                     __ptext6:	
   849 ;; *************** function _config_int *****************
   850 ;; Defined at:
   851 ;;		line 210 in file "Postlab9.c"
   852 ;; Parameters:    Size  Location     Type
   853 ;;		None
   854 ;; Auto vars:     Size  Location     Type
   855 ;;		None
   856 ;; Return value:  Size  Location     Type
   857 ;;                  1    wreg      void 
   858 ;; Registers used:
   859 ;;		None
   860 ;; Tracked objects:
   861 ;;		On entry : 0/0
   862 ;;		On exit  : 0/0
   863 ;;		Unchanged: 0/0
   864 ;; Data sizes:     COMMON   BANK0   BANK1   BANK3   BANK2
   865 ;;      Params:         0       0       0       0       0
   866 ;;      Locals:         0       0       0       0       0
   867 ;;      Temps:          0       0       0       0       0
   868 ;;      Totals:         0       0       0       0       0
   869 ;;Total ram usage:        0 bytes
   870 ;; Hardware stack levels used: 1
   871 ;; Hardware stack levels required when called: 1
   872 ;; This function calls:
   873 ;;		Nothing
   874 ;; This function is called by:
   875 ;;		_main
   876 ;; This function uses a non-reentrant model
   877 ;;
   878                           
   879                           
   880                           ;psect for function _config_int
   881  0143                     _config_int:
   882  0143                     l755:	
   883                           ;incstack = 0
   884                           ; Regs used in _config_int: []
   885                           
   886                           
   887                           ;Postlab9.c: 212:     INTCONbits.GIE = 1;
   888  0143  178B               	bsf	11,7	;volatile
   889                           
   890                           ;Postlab9.c: 213:     INTCONbits.PEIE = 1;
   891  0144  170B               	bsf	11,6	;volatile
   892                           
   893                           ;Postlab9.c: 214:     INTCONbits.T0IE = 1;
   894  0145  168B               	bsf	11,5	;volatile
   895                           
   896                           ;Postlab9.c: 215:     INTCONbits.TMR0IF = 0;
   897  0146  110B               	bcf	11,2	;volatile
   898                           
   899                           ;Postlab9.c: 216:     PIE1bits.ADIE = 1;
   900  0147  1683               	bsf	3,5	;RP0=1, select bank1
   901  0148  1303               	bcf	3,6	;RP1=0, select bank1
   902  0149  170C               	bsf	12,6	;volatile
   903                           
   904                           ;Postlab9.c: 217:     PIR1bits.ADIF = 0;
   905  014A  1283               	bcf	3,5	;RP0=0, select bank0
   906  014B  1303               	bcf	3,6	;RP1=0, select bank0
   907  014C  130C               	bcf	12,6	;volatile
   908  014D                     l113:	
   909                           ;Postlab9.c: 218:     return;
   910                           
   911  014D  0008               	return
   912  014E                     __end_of_config_int:
   913                           
   914                           	psect	text7
   915  0104                     __ptext7:	
   916 ;; *************** function _config_adc *****************
   917 ;; Defined at:
   918 ;;		line 165 in file "Postlab9.c"
   919 ;; Parameters:    Size  Location     Type
   920 ;;		None
   921 ;; Auto vars:     Size  Location     Type
   922 ;;		None
   923 ;; Return value:  Size  Location     Type
   924 ;;                  1    wreg      void 
   925 ;; Registers used:
   926 ;;		wreg, status,2, status,0
   927 ;; Tracked objects:
   928 ;;		On entry : 0/0
   929 ;;		On exit  : 0/0
   930 ;;		Unchanged: 0/0
   931 ;; Data sizes:     COMMON   BANK0   BANK1   BANK3   BANK2
   932 ;;      Params:         0       0       0       0       0
   933 ;;      Locals:         0       0       0       0       0
   934 ;;      Temps:          1       0       0       0       0
   935 ;;      Totals:         1       0       0       0       0
   936 ;;Total ram usage:        1 bytes
   937 ;; Hardware stack levels used: 1
   938 ;; Hardware stack levels required when called: 1
   939 ;; This function calls:
   940 ;;		Nothing
   941 ;; This function is called by:
   942 ;;		_main
   943 ;; This function uses a non-reentrant model
   944 ;;
   945                           
   946                           
   947                           ;psect for function _config_adc
   948  0104                     _config_adc:
   949  0104                     l717:	
   950                           ;incstack = 0
   951                           ; Regs used in _config_adc: [wreg+status,2+status,0]
   952                           
   953                           
   954                           ;Postlab9.c: 167:     ADCON1bits.ADFM = 0;
   955  0104  1683               	bsf	3,5	;RP0=1, select bank1
   956  0105  1303               	bcf	3,6	;RP1=0, select bank1
   957  0106  139F               	bcf	31,7	;volatile
   958                           
   959                           ;Postlab9.c: 168:     ADCON1bits.VCFG0 = 0;
   960  0107  121F               	bcf	31,4	;volatile
   961                           
   962                           ;Postlab9.c: 169:     ADCON1bits.VCFG1 = 0;
   963  0108  129F               	bcf	31,5	;volatile
   964  0109                     l719:
   965                           
   966                           ;Postlab9.c: 171:     ADCON0bits.ADCS = 0b10;
   967  0109  1283               	bcf	3,5	;RP0=0, select bank0
   968  010A  1303               	bcf	3,6	;RP1=0, select bank0
   969  010B  081F               	movf	31,w	;volatile
   970  010C  393F               	andlw	-193
   971  010D  3880               	iorlw	128
   972  010E  009F               	movwf	31	;volatile
   973                           
   974                           ;Postlab9.c: 172:     ADCON0bits.CHS = 5;
   975  010F  081F               	movf	31,w	;volatile
   976  0110  39C3               	andlw	-61
   977  0111  3814               	iorlw	20
   978  0112  009F               	movwf	31	;volatile
   979  0113                     l721:
   980                           
   981                           ;Postlab9.c: 173:     ADCON0bits.ADON = 1;
   982  0113  141F               	bsf	31,0	;volatile
   983  0114                     l723:
   984                           
   985                           ;Postlab9.c: 174:     _delay((unsigned long)((50)*(8000000/4000000.0)));
   986  0114  3021               	movlw	33
   987  0115  00F4               	movwf	??_config_adc
   988  0116                     u137:
   989  0116  0BF4               	decfsz	??_config_adc,f
   990  0117  2916               	goto	u137
   991  0118                     l101:
   992  0118  0008               	return
   993  0119                     __end_of_config_adc:
   994                           
   995                           	psect	text8
   996  0015                     __ptext8:	
   997 ;; *************** function _isr *****************
   998 ;; Defined at:
   999 ;;		line 62 in file "Postlab9.c"
  1000 ;; Parameters:    Size  Location     Type
  1001 ;;		None
  1002 ;; Auto vars:     Size  Location     Type
  1003 ;;		None
  1004 ;; Return value:  Size  Location     Type
  1005 ;;                  1    wreg      void 
  1006 ;; Registers used:
  1007 ;;		wreg, status,2, status,0
  1008 ;; Tracked objects:
  1009 ;;		On entry : 0/0
  1010 ;;		On exit  : 0/0
  1011 ;;		Unchanged: 0/0
  1012 ;; Data sizes:     COMMON   BANK0   BANK1   BANK3   BANK2
  1013 ;;      Params:         0       0       0       0       0
  1014 ;;      Locals:         0       0       0       0       0
  1015 ;;      Temps:          4       0       0       0       0
  1016 ;;      Totals:         4       0       0       0       0
  1017 ;;Total ram usage:        4 bytes
  1018 ;; Hardware stack levels used: 1
  1019 ;; This function calls:
  1020 ;;		Nothing
  1021 ;; This function is called by:
  1022 ;;		Interrupt level 1
  1023 ;; This function uses a non-reentrant model
  1024 ;;
  1025                           
  1026                           
  1027                           ;psect for function _isr
  1028  0015                     _isr:
  1029  0015                     i1l763:
  1030                           
  1031                           ;Postlab9.c: 64:     if(PIR1bits.ADIF)
  1032  0015  1283               	bcf	3,5	;RP0=0, select bank0
  1033  0016  1303               	bcf	3,6	;RP1=0, select bank0
  1034  0017  1F0C               	btfss	12,6	;volatile
  1035  0018  281A               	goto	u2_21
  1036  0019  281B               	goto	u2_20
  1037  001A                     u2_21:
  1038  001A  2875               	goto	i1l67
  1039  001B                     u2_20:
  1040  001B                     i1l765:
  1041                           
  1042                           ;Postlab9.c: 65:     {;Postlab9.c: 66:         if(ADCON0bits.CHS == 5)
  1043  001B  0C1F               	rrf	31,w	;volatile
  1044  001C  00F0               	movwf	??_isr
  1045  001D  0C70               	rrf	??_isr,w
  1046  001E  390F               	andlw	15
  1047  001F  3A05               	xorlw	5
  1048  0020  1D03               	skipz
  1049  0021  2823               	goto	u3_21
  1050  0022  2824               	goto	u3_20
  1051  0023                     u3_21:
  1052  0023  2845               	goto	i1l769
  1053  0024                     u3_20:
  1054  0024                     i1l767:
  1055                           
  1056                           ;Postlab9.c: 67:         {;Postlab9.c: 68:             CCPR1L = (ADRESH>>1)+118;
  1057  0024  081E               	movf	30,w	;volatile
  1058  0025  00F0               	movwf	??_isr
  1059  0026  1003               	clrc
  1060  0027  0C70               	rrf	??_isr,w
  1061  0028  3E76               	addlw	118
  1062  0029  0095               	movwf	21	;volatile
  1063                           
  1064                           ;Postlab9.c: 69:             CCP1CONbits.DC1B1 = ADRESH & 0b01;
  1065  002A  081E               	movf	30,w	;volatile
  1066  002B  3901               	andlw	1
  1067  002C  00F0               	movwf	??_isr
  1068  002D  0EF0               	swapf	??_isr,f
  1069  002E  0DF0               	rlf	??_isr,f
  1070  002F  0817               	movf	23,w	;volatile
  1071  0030  0670               	xorwf	??_isr,w
  1072  0031  39DF               	andlw	-33
  1073  0032  0670               	xorwf	??_isr,w
  1074  0033  0097               	movwf	23	;volatile
  1075                           
  1076                           ;Postlab9.c: 70:             CCP1CONbits.DC1B0 = (ADRESH>>7);
  1077  0034  081E               	movf	30,w	;volatile
  1078  0035  00F0               	movwf	??_isr
  1079  0036  3007               	movlw	7
  1080  0037                     u4_25:
  1081  0037  1003               	clrc
  1082  0038  0CF0               	rrf	??_isr,f
  1083  0039  3EFF               	addlw	-1
  1084  003A  1D03               	skipz
  1085  003B  2837               	goto	u4_25
  1086  003C  0870               	movf	??_isr,w
  1087  003D  00F1               	movwf	??_isr+1
  1088  003E  0EF1               	swapf	??_isr+1,f
  1089  003F  0817               	movf	23,w	;volatile
  1090  0040  0671               	xorwf	??_isr+1,w
  1091  0041  39EF               	andlw	-17
  1092  0042  0671               	xorwf	??_isr+1,w
  1093  0043  0097               	movwf	23	;volatile
  1094                           
  1095                           ;Postlab9.c: 71:         }else if(ADCON0bits.CHS == 6)
  1096  0044  2873               	goto	i1l775
  1097  0045                     i1l769:
  1098  0045  0C1F               	rrf	31,w	;volatile
  1099  0046  00F0               	movwf	??_isr
  1100  0047  0C70               	rrf	??_isr,w
  1101  0048  390F               	andlw	15
  1102  0049  3A06               	xorlw	6
  1103  004A  1D03               	skipz
  1104  004B  284D               	goto	u5_21
  1105  004C  284E               	goto	u5_20
  1106  004D                     u5_21:
  1107  004D  286F               	goto	i1l773
  1108  004E                     u5_20:
  1109  004E                     i1l771:
  1110                           
  1111                           ;Postlab9.c: 72:         {;Postlab9.c: 73:             CCPR2L = (ADRESH>>1)+118;
  1112  004E  081E               	movf	30,w	;volatile
  1113  004F  00F0               	movwf	??_isr
  1114  0050  1003               	clrc
  1115  0051  0C70               	rrf	??_isr,w
  1116  0052  3E76               	addlw	118
  1117  0053  009B               	movwf	27	;volatile
  1118                           
  1119                           ;Postlab9.c: 74:             CCP1CONbits.DC1B1 = ADRESH & 0b01;
  1120  0054  081E               	movf	30,w	;volatile
  1121  0055  3901               	andlw	1
  1122  0056  00F0               	movwf	??_isr
  1123  0057  0EF0               	swapf	??_isr,f
  1124  0058  0DF0               	rlf	??_isr,f
  1125  0059  0817               	movf	23,w	;volatile
  1126  005A  0670               	xorwf	??_isr,w
  1127  005B  39DF               	andlw	-33
  1128  005C  0670               	xorwf	??_isr,w
  1129  005D  0097               	movwf	23	;volatile
  1130                           
  1131                           ;Postlab9.c: 75:             CCP1CONbits.DC1B0 = (ADRESH>>7);
  1132  005E  081E               	movf	30,w	;volatile
  1133  005F  00F0               	movwf	??_isr
  1134  0060  3007               	movlw	7
  1135  0061                     u6_25:
  1136  0061  1003               	clrc
  1137  0062  0CF0               	rrf	??_isr,f
  1138  0063  3EFF               	addlw	-1
  1139  0064  1D03               	skipz
  1140  0065  2861               	goto	u6_25
  1141  0066  0870               	movf	??_isr,w
  1142  0067  00F1               	movwf	??_isr+1
  1143  0068  0EF1               	swapf	??_isr+1,f
  1144  0069  0817               	movf	23,w	;volatile
  1145  006A  0671               	xorwf	??_isr+1,w
  1146  006B  39EF               	andlw	-17
  1147  006C  0671               	xorwf	??_isr+1,w
  1148  006D  0097               	movwf	23	;volatile
  1149                           
  1150                           ;Postlab9.c: 76:         }else
  1151  006E  2873               	goto	i1l775
  1152  006F                     i1l773:
  1153                           
  1154                           ;Postlab9.c: 77:         {;Postlab9.c: 78:             adresh_aux = ADRESH;
  1155  006F  081E               	movf	30,w	;volatile
  1156  0070  00F0               	movwf	??_isr
  1157  0071  0870               	movf	??_isr,w
  1158  0072  00F6               	movwf	_adresh_aux
  1159  0073                     i1l775:
  1160                           
  1161                           ;Postlab9.c: 80:         PIR1bits.ADIF = 0;
  1162  0073  130C               	bcf	12,6	;volatile
  1163                           
  1164                           ;Postlab9.c: 81:     }else if(INTCONbits.T0IF)
  1165  0074  288A               	goto	i1l76
  1166  0075                     i1l67:
  1167  0075  1D0B               	btfss	11,2	;volatile
  1168  0076  2878               	goto	u7_21
  1169  0077  2879               	goto	u7_20
  1170  0078                     u7_21:
  1171  0078  288A               	goto	i1l76
  1172  0079                     u7_20:
  1173  0079                     i1l777:
  1174                           
  1175                           ;Postlab9.c: 82:     {;Postlab9.c: 83:         cont = cont + 1;
  1176  0079  0877               	movf	_cont,w
  1177  007A  3E01               	addlw	1
  1178  007B  00F0               	movwf	??_isr
  1179  007C  0870               	movf	??_isr,w
  1180  007D  00F7               	movwf	_cont
  1181  007E                     i1l779:
  1182                           
  1183                           ;Postlab9.c: 85:         if (cont >= adresh_aux)
  1184  007E  0876               	movf	_adresh_aux,w
  1185  007F  0277               	subwf	_cont,w
  1186  0080  1C03               	skipc
  1187  0081  2883               	goto	u8_21
  1188  0082  2884               	goto	u8_20
  1189  0083                     u8_21:
  1190  0083  2886               	goto	i1l74
  1191  0084                     u8_20:
  1192  0084                     i1l781:
  1193                           
  1194                           ;Postlab9.c: 86:         {;Postlab9.c: 87:             PORTDbits.RD0 = 0;
  1195  0084  1008               	bcf	8,0	;volatile
  1196                           
  1197                           ;Postlab9.c: 88:         } else
  1198  0085  2887               	goto	i1l783
  1199  0086                     i1l74:
  1200                           
  1201                           ;Postlab9.c: 89:         {;Postlab9.c: 90:             PORTDbits.RD0 = 1;
  1202  0086  1408               	bsf	8,0	;volatile
  1203  0087                     i1l783:
  1204                           
  1205                           ;Postlab9.c: 93:         TMR0 = 225;
  1206  0087  30E1               	movlw	225
  1207  0088  0081               	movwf	1	;volatile
  1208  0089                     i1l785:
  1209                           
  1210                           ;Postlab9.c: 94:         INTCONbits.T0IF = 0;
  1211  0089  110B               	bcf	11,2	;volatile
  1212  008A                     i1l76:
  1213  008A  0873               	movf	??_isr+3,w
  1214  008B  008A               	movwf	10
  1215  008C  0E72               	swapf	??_isr+2,w
  1216  008D  0083               	movwf	3
  1217  008E  0EFE               	swapf	btemp,f
  1218  008F  0E7E               	swapf	btemp,w
  1219  0090  0009               	retfie
  1220  0091                     __end_of_isr:
  1221  007E                     btemp	set	126	;btemp
  1222  007E                     wtemp0	set	126
  1223                           
  1224                           	psect	intentry
  1225  0004                     __pintentry:	
  1226                           ;incstack = 0
  1227                           ; Regs used in _isr: [wreg+status,2+status,0]
  1228                           
  1229  0004                     interrupt_function:
  1230  007E                     saved_w	set	btemp
  1231  0004  00FE               	movwf	btemp
  1232  0005  0E03               	swapf	3,w
  1233  0006  00F2               	movwf	??_isr+2
  1234  0007  080A               	movf	10,w
  1235  0008  00F3               	movwf	??_isr+3
  1236  0009  120A  118A  2815   	ljmp	_isr
  1237                           
  1238                           	psect	config
  1239                           
  1240                           ;Config register CONFIG1 @ 0x2007
  1241                           ;	Oscillator Selection bits
  1242                           ;	FOSC = INTRC_NOCLKOUT, INTOSCIO oscillator: I/O function on RA6/OSC2/CLKOUT pin, I/O f
      +                          unction on RA7/OSC1/CLKIN
  1243                           ;	Watchdog Timer Enable bit
  1244                           ;	WDTE = OFF, WDT disabled and can be enabled by SWDTEN bit of the WDTCON register
  1245                           ;	Power-up Timer Enable bit
  1246                           ;	PWRTE = OFF, PWRT disabled
  1247                           ;	RE3/MCLR pin function select bit
  1248                           ;	MCLRE = OFF, RE3/MCLR pin function is digital input, MCLR internally tied to VDD
  1249                           ;	Code Protection bit
  1250                           ;	CP = OFF, Program memory code protection is disabled
  1251                           ;	Data Code Protection bit
  1252                           ;	CPD = OFF, Data memory code protection is disabled
  1253                           ;	Brown Out Reset Selection bits
  1254                           ;	BOREN = OFF, BOR disabled
  1255                           ;	Internal External Switchover bit
  1256                           ;	IESO = OFF, Internal/External Switchover mode is disabled
  1257                           ;	Fail-Safe Clock Monitor Enabled bit
  1258                           ;	FCMEN = OFF, Fail-Safe Clock Monitor is disabled
  1259                           ;	Low Voltage Programming Enable bit
  1260                           ;	LVP = OFF, RB3 pin has digital I/O, HV on MCLR must be used for programming
  1261                           ;	In-Circuit Debugger Mode bit
  1262                           ;	DEBUG = 0x1, unprogrammed default
  1263  2007                     	org	8199
  1264  2007  20D4               	dw	8404
  1265                           
  1266                           ;Config register CONFIG2 @ 0x2008
  1267                           ;	Brown-out Reset Selection bit
  1268                           ;	BOR4V = BOR40V, Brown-out Reset set to 4.0V
  1269                           ;	Flash Program Memory Self Write Enable bits
  1270                           ;	WRT = OFF, Write protection off
  1271  2008                     	org	8200
  1272  2008  3FFF               	dw	16383

Data Sizes:
    Strings     0
    Constant    0
    Data        0
    BSS         2
    Persistent  0
    Stack       0

Auto Spaces:
    Space          Size  Autos    Used
    COMMON           14      6       8
    BANK0            80      0       0
    BANK1            80      0       0
    BANK3            96      0       0
    BANK2            96      0       0

Pointer List with Targets:

    None.

Critical Paths under _main in COMMON

    _main->_config_adc

Critical Paths under _isr in COMMON

    None.

Critical Paths under _main in BANK0

    None.

Critical Paths under _isr in BANK0

    None.

Critical Paths under _main in BANK1

    None.

Critical Paths under _isr in BANK1

    None.

Critical Paths under _main in BANK3

    None.

Critical Paths under _isr in BANK3

    None.

Critical Paths under _main in BANK2

    None.

Critical Paths under _isr in BANK2

    None.

Call Graph Tables:

 ---------------------------------------------------------------------------------
 (Depth) Function   	        Calls       Base Space   Used Autos Params    Refs
 ---------------------------------------------------------------------------------
 (0) _main                                                 1     1      0       0
                                              5 COMMON     1     1      0
                         _config_adc
                         _config_int
                          _config_io
                        _config_pwm1
                        _config_pwm2
                       _config_reloj
                        _config_tmr0
 ---------------------------------------------------------------------------------
 (1) _config_tmr0                                          0     0      0       0
 ---------------------------------------------------------------------------------
 (1) _config_reloj                                         0     0      0       0
 ---------------------------------------------------------------------------------
 (1) _config_pwm2                                          0     0      0       0
 ---------------------------------------------------------------------------------
 (1) _config_pwm1                                          0     0      0       0
 ---------------------------------------------------------------------------------
 (1) _config_io                                            0     0      0       0
 ---------------------------------------------------------------------------------
 (1) _config_int                                           0     0      0       0
 ---------------------------------------------------------------------------------
 (1) _config_adc                                           1     1      0       0
                                              4 COMMON     1     1      0
 ---------------------------------------------------------------------------------
 Estimated maximum stack depth 1
 ---------------------------------------------------------------------------------
 (Depth) Function   	        Calls       Base Space   Used Autos Params    Refs
 ---------------------------------------------------------------------------------
 (2) _isr                                                  4     4      0       0
                                              0 COMMON     4     4      0
 ---------------------------------------------------------------------------------
 Estimated maximum stack depth 2
 ---------------------------------------------------------------------------------

 Call Graph Graphs:

 _main (ROOT)
   _config_adc
   _config_int
   _config_io
   _config_pwm1
   _config_pwm2
   _config_reloj
   _config_tmr0

 _isr (ROOT)

 Address spaces:
Name               Size   Autos  Total    Cost      Usage
BITCOMMON            E      0       0       0        0.0%
EEDATA             100      0       0       0        0.0%
NULL                 0      0       0       0        0.0%
CODE                 0      0       0       0        0.0%
COMMON               E      6       8       1       57.1%
BITSFR0              0      0       0       1        0.0%
SFR0                 0      0       0       1        0.0%
BITSFR1              0      0       0       2        0.0%
SFR1                 0      0       0       2        0.0%
STACK                0      0       0       2        0.0%
ABS                  0      0       8       3        0.0%
BITBANK0            50      0       0       4        0.0%
BITSFR3              0      0       0       4        0.0%
SFR3                 0      0       0       4        0.0%
BANK0               50      0       0       5        0.0%
BITSFR2              0      0       0       5        0.0%
SFR2                 0      0       0       5        0.0%
BITBANK1            50      0       0       6        0.0%
BANK1               50      0       0       7        0.0%
BITBANK3            60      0       0       8        0.0%
BANK3               60      0       0       9        0.0%
BITBANK2            60      0       0      10        0.0%
BANK2               60      0       0      11        0.0%
DATA                 0      0       8      12        0.0%


Microchip Technology PIC Macro Assembler V2.32 build 20210201212658 
Symbol Table                                                                                   Tue Oct 12 17:14:21 2021

                     l92 0142                       l95 0154                       l98 0136  
                     u10 00FF                       u11 00FE                       u90 00BB  
                     u91 00BA                      l101 0118                      l110 0129  
                    l104 00FB                      l113 014D                      l106 00FF  
                    l107 0103                      l711 013F                      l721 0113  
                    l705 0137                      l801 00B7                      l723 0114  
                    l707 013B                      l731 00EB                      l715 014E  
                    l811 00D7                      l803 00BB                      l717 0104  
                    l709 013C                      l741 00FA                      l733 00EF  
                    l813 00DB                      l805 00C4                      l719 0109  
                    l735 00F5                      l727 00E6                      l751 0125  
                    l743 0119                      l815 00DF                      l807 00C9  
                    l737 00F7                      l729 00E9                      l753 0126  
                    l745 011C                      l809 00D2                      l755 0143  
                    l739 00F8                      l747 0122                      l749 0124  
                    l757 012A                      l759 0132                      l791 009B  
                    l793 00A0                      l795 00A5                      l787 0091  
                    l797 00AF                      l789 0096                      l799 00B4  
                    u100 00C4                      u101 00C3                      u110 00D2  
                    u111 00D1                      u127 00DD                      u137 0116  
                    _PR2 0092                      _isr 0015                     ?_isr 0070  
                   i1l74 0086                     i1l67 0075                     i1l76 008A  
                   _TMR0 0001                     u2_20 001B                     u2_21 001A  
                   u3_20 0024                     u3_21 0023                     u4_25 0037  
                   u5_20 004E                     u5_21 004D                     u6_25 0061  
                   u7_20 0079                     u7_21 0078                     u8_20 0084  
                   u8_21 0083                     _cont 0077                     _main 0091  
                   btemp 007E           ??_config_reloj 0074                     start 000C  
                  ??_isr 0070                    ?_main 0070                    _ANSEL 0188  
                  i1l771 004E                    i1l763 0015                    i1l781 0084  
                  i1l773 006F                    i1l765 001B                    i1l783 0087  
                  i1l775 0073                    i1l767 0024                    i1l785 0089  
                  i1l777 0079                    i1l769 0045                    i1l779 007E  
                  _PORTD 0008                    _TRISD 0088                    pclath 000A  
                  status 0003                    wtemp0 007E          __initialization 000F  
           __end_of_main 00E6                   ??_main 0075                   _ADRESH 001E  
                 _CCPR1L 0015                   _CCPR2L 001B                   _ANSELH 0189  
   __size_of_config_pwm1 001E     __size_of_config_pwm2 0011     __size_of_config_tmr0 000D  
   __end_of_config_reloj 0155                   saved_w 007E  __end_of__initialization 0011  
         __pcstackCOMMON 0070           _OPTION_REGbits 0081       __size_of_config_io 000C  
             _adresh_aux 0076               __pmaintext 0091               __pintentry 0004  
             _config_adc 0104               _config_int 0143        __end_of_config_io 0143  
  __size_of_config_reloj 0007                  __ptext1 012A                  __ptext2 014E  
                __ptext3 0119                  __ptext4 00E6                  __ptext5 0137  
                __ptext6 0143                  __ptext7 0104                  __ptext8 0015  
              _T2CONbits 0012             __size_of_isr 007C     end_of_initialization 0011  
           _config_reloj 014E                _PORTDbits 0008              ?_config_adc 0070  
            ?_config_int 0070                _TRISCbits 0087              _CCP1CONbits 0017  
            _CCP2CONbits 001D            ??_config_pwm1 0074            ??_config_tmr0 0074  
          ??_config_pwm2 0074      start_initialization 000F              __end_of_isr 0091  
    __size_of_config_adc 0015      __size_of_config_int 000B      __end_of_config_pwm1 0104  
    __end_of_config_pwm2 012A      __end_of_config_tmr0 0137              __pbssCOMMON 0076  
              ___latbits 0002                _config_io 0137        interrupt_function 0004  
               _PIE1bits 008C                 _PIR1bits 000C              _config_pwm1 00E6  
            _config_tmr0 012A              _config_pwm2 0119               ?_config_io 0070  
             _ADCON0bits 001F               _ADCON1bits 009F             ??_config_adc 0074  
           ??_config_int 0074       __end_of_config_adc 0119       __end_of_config_int 014E  
          __size_of_main 0055              ??_config_io 0074               _INTCONbits 000B  
               intlevel1 0000               _OSCCONbits 008F            ?_config_reloj 0070  
           ?_config_pwm1 0070             ?_config_tmr0 0070             ?_config_pwm2 0070  
